<?xml version="1.0" encoding="UTF-8"?>
<testsuite xmlns:xsi="http://www.w3.org/2001/XMLSchema-instance" xsi:noNamespaceSchemaLocation="https://maven.apache.org/surefire/maven-surefire-plugin/xsd/surefire-test-report-3.0.xsd" version="3.0" name="io.alive.tui.IntegrationPipelineTest" time="0.001" tests="5" errors="0" skipped="0" failures="0">
  <properties>
[...]
</properties>
  <testcase name="simpleText_fullPipeline" classname="io.alive.tui.IntegrationPipelineTest" time="0.0"/>
  <testcase name="layoutEngine_positionsCorrectly" classname="io.alive.tui.IntegrationPipelineTest" time="0.0"/>
  <testcase name="vboxWithTwoRows_fullPipeline" classname="io.alive.tui.IntegrationPipelineTest" time="0.001"/>
  <testcase name="differ_noDiff_noFlush" classname="io.alive.tui.IntegrationPipelineTest" time="0.0"/>
  <testcase name="incrementalUpdate_onlyDiffFlushed" classname="io.alive.tui.IntegrationPipelineTest" time="0.0"/>
</testsuite>